<?xml version="1.0" encoding="UTF-8"?>
<!-- Generated by org.testng.reporters.JUnitXMLReporter -->
<testsuite hostname="Macs-MacBook-Pro.local" ignored="0" name="Xiaomi_RedmiY2_Android_8.1.0" tests="3" failures="2" timestamp="22 Jan 2020 09:12:42 GMT" time="209.254" errors="0">
  <testcase name="scenario" time="33.797" classname="tests.cucumber.Runner.RunCucumberFeatures">
    <failure type="org.openqa.selenium.WebDriverException" message="An unknown server-side error occurred while processing the command. Original error: Could not proxy command to remote server. Original error: Error: socket hang up (WARNING: The server did not provide any stacktrace information)
Command duration or timeout: 0 milliseconds
Build info: version: &amp;apos;3.141.59&amp;apos;, revision: &amp;apos;e82be7d358&amp;apos;, time: &amp;apos;2018-11-14T08:17:03&amp;apos;
System info: host: &amp;apos;Macs-MacBook-Pro.local&amp;apos;, ip: &amp;apos;172.30.178.4&amp;apos;, os.name: &amp;apos;Mac OS X&amp;apos;, os.arch: &amp;apos;x86_64&amp;apos;, os.version: &amp;apos;10.13.6&amp;apos;, java.version: &amp;apos;1.8.0_144&amp;apos;
Driver info: io.appium.java_client.android.AndroidDriver
Capabilities {app: /home/radmin/build/raid-dat..., appActivity: com.ideacellular.myidea.Mai..., appPackage: com.ideacellular.myidea, automationName: UiAutomator2, databaseEnabled: false, desired: {app: /home/radmin/build/raid-dat..., appActivity: com.ideacellular.myidea.Mai..., appPackage: com.ideacellular.myidea, automationName: UiAutomator2, deviceName: 69, launchTimeout: 90000, newCommandTimeout: 600, pCloudy_ApiKey: crysw3jb36jvdymyz7zq3gzk, pCloudy_ApplicationName: Android_debug_TestIP_Prod_0..., pCloudy_DeviceFullName: Xiaomi_RedmiY2_Android_8.1.0, pCloudy_DurationInMinutes: 60, pCloudy_Username: rohitv@iprogrammer.com, platformName: Android, resetKeyboard: true, systemPort: 1110, udid: 52449adb, unicodeKeyboard: true}, deviceApiLevel: 27, deviceManufacturer: Xiaomi, deviceModel: Redmi Y2, deviceName: 52449adb, deviceScreenDensity: 320, deviceScreenSize: 720x1440, deviceUDID: 52449adb, javascriptEnabled: true, launchTimeout: 90000, locationContextEnabled: false, networkConnectionEnabled: true, newCommandTimeout: 600, pCloudy_ApiKey: crysw3jb36jvdymyz7zq3gzk, pCloudy_ApplicationName: Android_debug_TestIP_Prod_0..., pCloudy_DeviceFullName: Xiaomi_RedmiY2_Android_8.1.0, pCloudy_DurationInMinutes: 60, pCloudy_Username: rohitv@iprogrammer.com, pixelRatio: 2, platform: LINUX, platformName: Android, platformVersion: 8.1.0, resetKeyboard: true, statBarHeight: 48, systemPort: 1110, takesScreenshot: true, udid: 52449adb, unicodeKeyboard: true, viewportRect: {height: 1296, left: 0, top: 48, width: 720}, warnings: {}, webStorageEnabled: false}
Session ID: 5e587836-79f5-4580-bee1-3da6d6cbbbc7
*** Element info: {Using=xpath, value=//android.widget.TextView[@text=&amp;apos;Please enter a valid Idea number!&amp;apos;]}">
      <![CDATA[org.openqa.selenium.WebDriverException: An unknown server-side error occurred while processing the command. Original error: Could not proxy command to remote server. Original error: Error: socket hang up (WARNING: The server did not provide any stacktrace information)
Command duration or timeout: 0 milliseconds
Build info: version: '3.141.59', revision: 'e82be7d358', time: '2018-11-14T08:17:03'
System info: host: 'Macs-MacBook-Pro.local', ip: '172.30.178.4', os.name: 'Mac OS X', os.arch: 'x86_64', os.version: '10.13.6', java.version: '1.8.0_144'
Driver info: io.appium.java_client.android.AndroidDriver
Capabilities {app: /home/radmin/build/raid-dat..., appActivity: com.ideacellular.myidea.Mai..., appPackage: com.ideacellular.myidea, automationName: UiAutomator2, databaseEnabled: false, desired: {app: /home/radmin/build/raid-dat..., appActivity: com.ideacellular.myidea.Mai..., appPackage: com.ideacellular.myidea, automationName: UiAutomator2, deviceName: 69, launchTimeout: 90000, newCommandTimeout: 600, pCloudy_ApiKey: crysw3jb36jvdymyz7zq3gzk, pCloudy_ApplicationName: Android_debug_TestIP_Prod_0..., pCloudy_DeviceFullName: Xiaomi_RedmiY2_Android_8.1.0, pCloudy_DurationInMinutes: 60, pCloudy_Username: rohitv@iprogrammer.com, platformName: Android, resetKeyboard: true, systemPort: 1110, udid: 52449adb, unicodeKeyboard: true}, deviceApiLevel: 27, deviceManufacturer: Xiaomi, deviceModel: Redmi Y2, deviceName: 52449adb, deviceScreenDensity: 320, deviceScreenSize: 720x1440, deviceUDID: 52449adb, javascriptEnabled: true, launchTimeout: 90000, locationContextEnabled: false, networkConnectionEnabled: true, newCommandTimeout: 600, pCloudy_ApiKey: crysw3jb36jvdymyz7zq3gzk, pCloudy_ApplicationName: Android_debug_TestIP_Prod_0..., pCloudy_DeviceFullName: Xiaomi_RedmiY2_Android_8.1.0, pCloudy_DurationInMinutes: 60, pCloudy_Username: rohitv@iprogrammer.com, pixelRatio: 2, platform: LINUX, platformName: Android, platformVersion: 8.1.0, resetKeyboard: true, statBarHeight: 48, systemPort: 1110, takesScreenshot: true, udid: 52449adb, unicodeKeyboard: true, viewportRect: {height: 1296, left: 0, top: 48, width: 720}, warnings: {}, webStorageEnabled: false}
Session ID: 5e587836-79f5-4580-bee1-3da6d6cbbbc7
*** Element info: {Using=xpath, value=//android.widget.TextView[@text='Please enter a valid Idea number!']}
at org.openqa.selenium.remote.ErrorHandler.createThrowable(ErrorHandler.java:214)
at org.openqa.selenium.remote.ErrorHandler.throwIfResponseFailed(ErrorHandler.java:166)
at org.openqa.selenium.remote.http.JsonHttpResponseCodec.reconstructValue(JsonHttpResponseCodec.java:40)
at org.openqa.selenium.remote.http.AbstractHttpResponseCodec.decode(AbstractHttpResponseCodec.java:80)
at org.openqa.selenium.remote.http.AbstractHttpResponseCodec.decode(AbstractHttpResponseCodec.java:44)
at org.openqa.selenium.remote.HttpCommandExecutor.execute(HttpCommandExecutor.java:158)
at io.appium.java_client.remote.AppiumCommandExecutor.execute(AppiumCommandExecutor.java:231)
at org.openqa.selenium.remote.RemoteWebDriver.execute(RemoteWebDriver.java:552)
at io.appium.java_client.DefaultGenericMobileDriver.execute(DefaultGenericMobileDriver.java:42)
at io.appium.java_client.AppiumDriver.execute(AppiumDriver.java:1)
at io.appium.java_client.android.AndroidDriver.execute(AndroidDriver.java:1)
at org.openqa.selenium.remote.RemoteWebDriver.findElement(RemoteWebDriver.java:323)
at io.appium.java_client.DefaultGenericMobileDriver.findElement(DefaultGenericMobileDriver.java:62)
at io.appium.java_client.AppiumDriver.findElement(AppiumDriver.java:1)
at io.appium.java_client.android.AndroidDriver.findElement(AndroidDriver.java:1)
at org.openqa.selenium.remote.RemoteWebDriver.findElementByXPath(RemoteWebDriver.java:428)
at io.appium.java_client.DefaultGenericMobileDriver.findElementByXPath(DefaultGenericMobileDriver.java:152)
at io.appium.java_client.AppiumDriver.findElementByXPath(AppiumDriver.java:1)
at io.appium.java_client.android.AndroidDriver.findElementByXPath(AndroidDriver.java:1)
at org.openqa.selenium.By$ByXPath.findElement(By.java:353)
at org.openqa.selenium.remote.RemoteWebDriver.findElement(RemoteWebDriver.java:315)
at io.appium.java_client.DefaultGenericMobileDriver.findElement(DefaultGenericMobileDriver.java:58)
at io.appium.java_client.AppiumDriver.findElement(AppiumDriver.java:1)
at io.appium.java_client.android.AndroidDriver.findElement(AndroidDriver.java:1)
at org.openqa.selenium.support.ui.ExpectedConditions$7.apply(ExpectedConditions.java:205)
at org.openqa.selenium.support.ui.ExpectedConditions$7.apply(ExpectedConditions.java:201)
at org.openqa.selenium.support.ui.FluentWait.until(FluentWait.java:249)
at screens.BaseScreen.waitAndFindElement(BaseScreen.java:55)
at screens.BaseScreen.getText(BaseScreen.java:59)
at screens.LoginScreen.validIdeaNumberPopup(LoginScreen.java:78)
at tests.cucumber.steps.LoginSteps.alert_popup_should_be_disaply_as_Failure_in_Vodafone_system(LoginSteps.java:60)
at ✽.Alert popup should be disaply as Please enter a valid Idea number(src/test/java/tests/cucumber/features/01login.feature:8)
... Removed 4 stack frames]]>
    </failure>
  </testcase> <!-- scenario -->
  <testcase name="scenario" time="16.979" classname="tests.cucumber.Runner.RunCucumberFeatures"/>
  <testcase name="scenario" time="23.966" classname="tests.cucumber.Runner.RunCucumberFeatures">
    <failure type="java.lang.AssertionError" message="expected [true] but found [false]">
      <![CDATA[java.lang.AssertionError: expected [true] but found [false]
at screens.LoginScreen.clickOnCancelIcon(LoginScreen.java:91)
at tests.cucumber.steps.LoginSteps.User_should_click_on_cancel_icon_and_verify_textbox_is_empty(LoginSteps.java:72)
at ✽.User should click on cancel icon and verify textbox is empty(src/test/java/tests/cucumber/features/01login.feature:20)
... Removed 4 stack frames]]>
    </failure>
  </testcase> <!-- scenario -->
</testsuite> <!-- Xiaomi_RedmiY2_Android_8.1.0 -->
