<?xml version="1.0" encoding="UTF-8"?>
<testng-results skipped="0" failed="0" ignored="0" total="2" passed="2">
  <reporter-output>
  </reporter-output>
  <suite name="SpiderApp_Test_Suite" duration-ms="128470" started-at="2020-01-20T10:40:20Z" finished-at="2020-01-20T10:42:28Z">
    <groups>
      <group name="cucumber">
        <method signature="RunCucumberFeatures.scenario(cucumber.api.testng.PickleEventWrapper, cucumber.api.testng.CucumberFeatureWrapper)[pri:0, instance:tests.cucumber.tests.RunCucumberFeatures@6c3708b3]" name="scenario" class="tests.cucumber.tests.RunCucumberFeatures"/>
        <method signature="RunCucumberFeatures.scenario(cucumber.api.testng.PickleEventWrapper, cucumber.api.testng.CucumberFeatureWrapper)[pri:0, instance:tests.cucumber.tests.RunCucumberFeatures@1f36e637]" name="scenario" class="tests.cucumber.tests.RunCucumberFeatures"/>
      </group> <!-- cucumber -->
    </groups>
    <test name="Samsung_GalaxyJ7Prime_Android_8.1.0" duration-ms="126265" started-at="2020-01-20T10:40:20Z" finished-at="2020-01-20T10:42:26Z">
      <class name="tests.cucumber.tests.RunCucumberFeatures">
        <test-method status="PASS" signature="setUpClass()[pri:0, instance:tests.cucumber.tests.RunCucumberFeatures@6c3708b3]" name="setUpClass" is-config="true" duration-ms="168" started-at="2020-01-20T10:40:20Z" finished-at="2020-01-20T10:40:20Z">
          <reporter-output>
          </reporter-output>
        </test-method> <!-- setUpClass -->
        <test-method status="PASS" signature="setup(java.lang.String)[pri:0, instance:tests.cucumber.tests.RunCucumberFeatures@6c3708b3]" name="setup" is-config="true" duration-ms="79012" started-at="2020-01-20T10:40:20Z" finished-at="2020-01-20T10:41:39Z">
          <params>
            <param index="0">
              <value>
                <![CDATA[Samsung_GalaxyJ7Prime_Android_8.1.0]]>
              </value>
            </param>
          </params>
          <reporter-output>
          </reporter-output>
        </test-method> <!-- setup -->
        <test-method status="PASS" signature="scenario(cucumber.api.testng.PickleEventWrapper, cucumber.api.testng.CucumberFeatureWrapper)[pri:0, instance:tests.cucumber.tests.RunCucumberFeatures@6c3708b3]" name="scenario" duration-ms="44324" started-at="2020-01-20T10:41:39Z" description="Runs LoginCandiate Feature" data-provider="scenarios" finished-at="2020-01-20T10:42:23Z">
          <params>
            <param index="0">
              <value>
                <![CDATA["Login the app successfully as a candidate2"]]>
              </value>
            </param>
            <param index="1">
              <value>
                <![CDATA["Candidate Successful Login Feature"]]>
              </value>
            </param>
          </params>
          <reporter-output>
          </reporter-output>
        </test-method> <!-- scenario -->
        <test-method status="PASS" signature="teardown()[pri:0, instance:tests.cucumber.tests.RunCucumberFeatures@6c3708b3]" name="teardown" is-config="true" duration-ms="1796" started-at="2020-01-20T10:42:23Z" finished-at="2020-01-20T10:42:25Z">
          <reporter-output>
          </reporter-output>
        </test-method> <!-- teardown -->
        <test-method status="PASS" signature="tearDownClass()[pri:0, instance:tests.cucumber.tests.RunCucumberFeatures@6c3708b3]" name="tearDownClass" is-config="true" duration-ms="889" started-at="2020-01-20T10:42:25Z" finished-at="2020-01-20T10:42:26Z">
          <reporter-output>
          </reporter-output>
        </test-method> <!-- tearDownClass -->
      </class> <!-- tests.cucumber.tests.RunCucumberFeatures -->
    </test> <!-- Samsung_GalaxyJ7Prime_Android_8.1.0 -->
    <test name="Huawei_Honor9Lite_Android_9.0.0" duration-ms="128470" started-at="2020-01-20T10:40:20Z" finished-at="2020-01-20T10:42:28Z">
      <class name="tests.cucumber.tests.RunCucumberFeatures">
        <test-method status="PASS" signature="setUpClass()[pri:0, instance:tests.cucumber.tests.RunCucumberFeatures@1f36e637]" name="setUpClass" is-config="true" duration-ms="171" started-at="2020-01-20T10:40:20Z" finished-at="2020-01-20T10:40:20Z">
          <reporter-output>
          </reporter-output>
        </test-method> <!-- setUpClass -->
        <test-method status="PASS" signature="setup(java.lang.String)[pri:0, instance:tests.cucumber.tests.RunCucumberFeatures@1f36e637]" name="setup" is-config="true" duration-ms="77221" started-at="2020-01-20T10:40:20Z" finished-at="2020-01-20T10:41:37Z">
          <params>
            <param index="0">
              <value>
                <![CDATA[Huawei_Honor9Lite_Android_9.0.0]]>
              </value>
            </param>
          </params>
          <reporter-output>
          </reporter-output>
        </test-method> <!-- setup -->
        <test-method status="PASS" signature="scenario(cucumber.api.testng.PickleEventWrapper, cucumber.api.testng.CucumberFeatureWrapper)[pri:0, instance:tests.cucumber.tests.RunCucumberFeatures@1f36e637]" name="scenario" duration-ms="48810" started-at="2020-01-20T10:41:37Z" description="Runs LoginCandiate Feature" data-provider="scenarios" finished-at="2020-01-20T10:42:26Z">
          <params>
            <param index="0">
              <value>
                <![CDATA["Login the app successfully as a candidate2"]]>
              </value>
            </param>
            <param index="1">
              <value>
                <![CDATA["Candidate Successful Login Feature"]]>
              </value>
            </param>
          </params>
          <reporter-output>
          </reporter-output>
        </test-method> <!-- scenario -->
        <test-method status="PASS" signature="teardown()[pri:0, instance:tests.cucumber.tests.RunCucumberFeatures@1f36e637]" name="teardown" is-config="true" duration-ms="1921" started-at="2020-01-20T10:42:26Z" finished-at="2020-01-20T10:42:28Z">
          <reporter-output>
          </reporter-output>
        </test-method> <!-- teardown -->
        <test-method status="PASS" signature="tearDownClass()[pri:0, instance:tests.cucumber.tests.RunCucumberFeatures@1f36e637]" name="tearDownClass" is-config="true" duration-ms="282" started-at="2020-01-20T10:42:28Z" finished-at="2020-01-20T10:42:28Z">
          <reporter-output>
          </reporter-output>
        </test-method> <!-- tearDownClass -->
      </class> <!-- tests.cucumber.tests.RunCucumberFeatures -->
    </test> <!-- Huawei_Honor9Lite_Android_9.0.0 -->
  </suite> <!-- SpiderApp_Test_Suite -->
</testng-results>
