<?xml version="1.0" encoding="UTF-8"?>
<testng-results skipped="0" failed="3" ignored="0" total="6" passed="3">
  <reporter-output>
  </reporter-output>
  <suite name="SpiderApp_Test_Suite" duration-ms="157630" started-at="2020-01-21T11:32:07Z" finished-at="2020-01-21T11:34:45Z">
    <groups>
      <group name="cucumber">
        <method signature="RunCucumberFeatures.scenario(cucumber.api.testng.PickleEventWrapper, cucumber.api.testng.CucumberFeatureWrapper)[pri:0, instance:tests.cucumber.tests.RunCucumberFeatures@6c3708b3]" name="scenario" class="tests.cucumber.tests.RunCucumberFeatures"/>
        <method signature="RunCucumberFeatures.scenario(cucumber.api.testng.PickleEventWrapper, cucumber.api.testng.CucumberFeatureWrapper)[pri:0, instance:tests.cucumber.tests.RunCucumberFeatures@1f36e637]" name="scenario" class="tests.cucumber.tests.RunCucumberFeatures"/>
        <method signature="RunCucumberFeatures.scenario(cucumber.api.testng.PickleEventWrapper, cucumber.api.testng.CucumberFeatureWrapper)[pri:0, instance:tests.cucumber.tests.RunCucumberFeatures@50b494a6]" name="scenario" class="tests.cucumber.tests.RunCucumberFeatures"/>
      </group> <!-- cucumber -->
    </groups>
    <test name="Samsung_GalaxyJ7Prime_Android_8.1.0" duration-ms="150927" started-at="2020-01-21T11:32:07Z" finished-at="2020-01-21T11:34:38Z">
      <class name="tests.cucumber.tests.RunCucumberFeatures">
        <test-method status="PASS" signature="setUpClass()[pri:0, instance:tests.cucumber.tests.RunCucumberFeatures@6c3708b3]" name="setUpClass" is-config="true" duration-ms="154" started-at="2020-01-21T11:32:07Z" finished-at="2020-01-21T11:32:07Z">
          <reporter-output>
          </reporter-output>
        </test-method> <!-- setUpClass -->
        <test-method status="PASS" signature="setup(java.lang.String)[pri:0, instance:tests.cucumber.tests.RunCucumberFeatures@6c3708b3]" name="setup" is-config="true" duration-ms="83760" started-at="2020-01-21T11:32:07Z" finished-at="2020-01-21T11:33:31Z">
          <params>
            <param index="0">
              <value>
                <![CDATA[Samsung_GalaxyJ7Prime_Android_8.1.0]]>
              </value>
            </param>
          </params>
          <reporter-output>
          </reporter-output>
        </test-method> <!-- setup -->
        <test-method status="PASS" signature="scenario(cucumber.api.testng.PickleEventWrapper, cucumber.api.testng.CucumberFeatureWrapper)[pri:0, instance:tests.cucumber.tests.RunCucumberFeatures@6c3708b3]" name="scenario" duration-ms="20994" started-at="2020-01-21T11:33:31Z" description="Runs LoginCandiate Feature" data-provider="scenarios" finished-at="2020-01-21T11:33:52Z">
          <params>
            <param index="0">
              <value>
                <![CDATA["Verify cross number error message"]]>
              </value>
            </param>
            <param index="1">
              <value>
                <![CDATA["Login Screen"]]>
              </value>
            </param>
          </params>
          <reporter-output>
          </reporter-output>
        </test-method> <!-- scenario -->
        <test-method status="PASS" signature="teardown()[pri:0, instance:tests.cucumber.tests.RunCucumberFeatures@6c3708b3]" name="teardown" is-config="true" duration-ms="1413" started-at="2020-01-21T11:33:52Z" finished-at="2020-01-21T11:33:53Z">
          <reporter-output>
          </reporter-output>
        </test-method> <!-- teardown -->
        <test-method status="PASS" signature="setup(java.lang.String)[pri:0, instance:tests.cucumber.tests.RunCucumberFeatures@6c3708b3]" name="setup" is-config="true" duration-ms="22821" started-at="2020-01-21T11:33:53Z" finished-at="2020-01-21T11:34:16Z">
          <params>
            <param index="0">
              <value>
                <![CDATA[Samsung_GalaxyJ7Prime_Android_8.1.0]]>
              </value>
            </param>
          </params>
          <reporter-output>
          </reporter-output>
        </test-method> <!-- setup -->
        <test-method status="FAIL" signature="scenario(cucumber.api.testng.PickleEventWrapper, cucumber.api.testng.CucumberFeatureWrapper)[pri:0, instance:tests.cucumber.tests.RunCucumberFeatures@6c3708b3]" name="scenario" duration-ms="19723" started-at="2020-01-21T11:34:16Z" description="Runs LoginCandiate Feature" data-provider="scenarios" finished-at="2020-01-21T11:34:36Z">
          <params>
            <param index="0">
              <value>
                <![CDATA["Verify if there is a cross icon available to erase the entered text"]]>
              </value>
            </param>
            <param index="1">
              <value>
                <![CDATA["Login Screen"]]>
              </value>
            </param>
          </params>
          <exception class="java.lang.AssertionError">
            <message>
              <![CDATA[expected [true] but found [false]]]>
            </message>
            <full-stacktrace>
              <![CDATA[java.lang.AssertionError: expected [true] but found [false]
at org.testng.Assert.fail(Assert.java:96)
at org.testng.Assert.failNotEquals(Assert.java:776)
at org.testng.Assert.assertTrue(Assert.java:44)
at org.testng.Assert.assertTrue(Assert.java:54)
at screens.LoginScreen.clickOnCancelIcon(LoginScreen.java:91)
at tests.cucumber.steps.LoginSteps.User_should_click_on_cancel_icon_and_verify_textbox_is_empty(LoginSteps.java:80)
at ✽.User should click on cancel icon and verify textbox is empty(src/test/java/tests/cucumber/features/01login.feature:20)
]]>
            </full-stacktrace>
          </exception> <!-- java.lang.AssertionError -->
          <reporter-output>
          </reporter-output>
        </test-method> <!-- scenario -->
        <test-method status="PASS" signature="teardown()[pri:0, instance:tests.cucumber.tests.RunCucumberFeatures@6c3708b3]" name="teardown" is-config="true" duration-ms="1332" started-at="2020-01-21T11:34:36Z" finished-at="2020-01-21T11:34:37Z">
          <reporter-output>
          </reporter-output>
        </test-method> <!-- teardown -->
        <test-method status="PASS" signature="tearDownClass()[pri:0, instance:tests.cucumber.tests.RunCucumberFeatures@6c3708b3]" name="tearDownClass" is-config="true" duration-ms="649" started-at="2020-01-21T11:34:37Z" finished-at="2020-01-21T11:34:38Z">
          <reporter-output>
          </reporter-output>
        </test-method> <!-- tearDownClass -->
      </class> <!-- tests.cucumber.tests.RunCucumberFeatures -->
    </test> <!-- Samsung_GalaxyJ7Prime_Android_8.1.0 -->
    <test name="Huawei_Honor9Lite_Android_9.0.0" duration-ms="153257" started-at="2020-01-21T11:32:07Z" finished-at="2020-01-21T11:34:40Z">
      <class name="tests.cucumber.tests.RunCucumberFeatures">
        <test-method status="PASS" signature="setUpClass()[pri:0, instance:tests.cucumber.tests.RunCucumberFeatures@1f36e637]" name="setUpClass" is-config="true" duration-ms="155" started-at="2020-01-21T11:32:07Z" finished-at="2020-01-21T11:32:07Z">
          <reporter-output>
          </reporter-output>
        </test-method> <!-- setUpClass -->
        <test-method status="PASS" signature="setup(java.lang.String)[pri:0, instance:tests.cucumber.tests.RunCucumberFeatures@1f36e637]" name="setup" is-config="true" duration-ms="75845" started-at="2020-01-21T11:32:07Z" finished-at="2020-01-21T11:33:23Z">
          <params>
            <param index="0">
              <value>
                <![CDATA[Huawei_Honor9Lite_Android_9.0.0]]>
              </value>
            </param>
          </params>
          <reporter-output>
          </reporter-output>
        </test-method> <!-- setup -->
        <test-method status="PASS" signature="scenario(cucumber.api.testng.PickleEventWrapper, cucumber.api.testng.CucumberFeatureWrapper)[pri:0, instance:tests.cucumber.tests.RunCucumberFeatures@1f36e637]" name="scenario" duration-ms="35804" started-at="2020-01-21T11:33:23Z" description="Runs LoginCandiate Feature" data-provider="scenarios" finished-at="2020-01-21T11:33:59Z">
          <params>
            <param index="0">
              <value>
                <![CDATA["Verify cross number error message"]]>
              </value>
            </param>
            <param index="1">
              <value>
                <![CDATA["Login Screen"]]>
              </value>
            </param>
          </params>
          <reporter-output>
          </reporter-output>
        </test-method> <!-- scenario -->
        <test-method status="PASS" signature="teardown()[pri:0, instance:tests.cucumber.tests.RunCucumberFeatures@1f36e637]" name="teardown" is-config="true" duration-ms="1151" started-at="2020-01-21T11:33:59Z" finished-at="2020-01-21T11:34:00Z">
          <reporter-output>
          </reporter-output>
        </test-method> <!-- teardown -->
        <test-method status="PASS" signature="setup(java.lang.String)[pri:0, instance:tests.cucumber.tests.RunCucumberFeatures@1f36e637]" name="setup" is-config="true" duration-ms="20585" started-at="2020-01-21T11:34:00Z" finished-at="2020-01-21T11:34:21Z">
          <params>
            <param index="0">
              <value>
                <![CDATA[Huawei_Honor9Lite_Android_9.0.0]]>
              </value>
            </param>
          </params>
          <reporter-output>
          </reporter-output>
        </test-method> <!-- setup -->
        <test-method status="FAIL" signature="scenario(cucumber.api.testng.PickleEventWrapper, cucumber.api.testng.CucumberFeatureWrapper)[pri:0, instance:tests.cucumber.tests.RunCucumberFeatures@1f36e637]" name="scenario" duration-ms="18042" started-at="2020-01-21T11:34:21Z" description="Runs LoginCandiate Feature" data-provider="scenarios" finished-at="2020-01-21T11:34:39Z">
          <params>
            <param index="0">
              <value>
                <![CDATA["Verify if there is a cross icon available to erase the entered text"]]>
              </value>
            </param>
            <param index="1">
              <value>
                <![CDATA["Login Screen"]]>
              </value>
            </param>
          </params>
          <exception class="java.lang.AssertionError">
            <message>
              <![CDATA[expected [true] but found [false]]]>
            </message>
            <full-stacktrace>
              <![CDATA[java.lang.AssertionError: expected [true] but found [false]
at org.testng.Assert.fail(Assert.java:96)
at org.testng.Assert.failNotEquals(Assert.java:776)
at org.testng.Assert.assertTrue(Assert.java:44)
at org.testng.Assert.assertTrue(Assert.java:54)
at screens.LoginScreen.clickOnCancelIcon(LoginScreen.java:91)
at tests.cucumber.steps.LoginSteps.User_should_click_on_cancel_icon_and_verify_textbox_is_empty(LoginSteps.java:80)
at ✽.User should click on cancel icon and verify textbox is empty(src/test/java/tests/cucumber/features/01login.feature:20)
]]>
            </full-stacktrace>
          </exception> <!-- java.lang.AssertionError -->
          <reporter-output>
          </reporter-output>
        </test-method> <!-- scenario -->
        <test-method status="PASS" signature="teardown()[pri:0, instance:tests.cucumber.tests.RunCucumberFeatures@1f36e637]" name="teardown" is-config="true" duration-ms="1226" started-at="2020-01-21T11:34:39Z" finished-at="2020-01-21T11:34:40Z">
          <reporter-output>
          </reporter-output>
        </test-method> <!-- teardown -->
        <test-method status="PASS" signature="tearDownClass()[pri:0, instance:tests.cucumber.tests.RunCucumberFeatures@1f36e637]" name="tearDownClass" is-config="true" duration-ms="368" started-at="2020-01-21T11:34:40Z" finished-at="2020-01-21T11:34:40Z">
          <reporter-output>
          </reporter-output>
        </test-method> <!-- tearDownClass -->
      </class> <!-- tests.cucumber.tests.RunCucumberFeatures -->
    </test> <!-- Huawei_Honor9Lite_Android_9.0.0 -->
    <test name="Xiaomi_RedmiY2_Android_8.1.0" duration-ms="157630" started-at="2020-01-21T11:32:07Z" finished-at="2020-01-21T11:34:45Z">
      <class name="tests.cucumber.tests.RunCucumberFeatures">
        <test-method status="PASS" signature="setUpClass()[pri:0, instance:tests.cucumber.tests.RunCucumberFeatures@50b494a6]" name="setUpClass" is-config="true" duration-ms="155" started-at="2020-01-21T11:32:07Z" finished-at="2020-01-21T11:32:07Z">
          <reporter-output>
          </reporter-output>
        </test-method> <!-- setUpClass -->
        <test-method status="PASS" signature="setup(java.lang.String)[pri:0, instance:tests.cucumber.tests.RunCucumberFeatures@50b494a6]" name="setup" is-config="true" duration-ms="95008" started-at="2020-01-21T11:32:07Z" finished-at="2020-01-21T11:33:42Z">
          <params>
            <param index="0">
              <value>
                <![CDATA[Xiaomi_RedmiY2_Android_8.1.0]]>
              </value>
            </param>
          </params>
          <reporter-output>
          </reporter-output>
        </test-method> <!-- setup -->
        <test-method status="PASS" signature="scenario(cucumber.api.testng.PickleEventWrapper, cucumber.api.testng.CucumberFeatureWrapper)[pri:0, instance:tests.cucumber.tests.RunCucumberFeatures@50b494a6]" name="scenario" duration-ms="20651" started-at="2020-01-21T11:33:42Z" description="Runs LoginCandiate Feature" data-provider="scenarios" finished-at="2020-01-21T11:34:03Z">
          <params>
            <param index="0">
              <value>
                <![CDATA["Verify cross number error message"]]>
              </value>
            </param>
            <param index="1">
              <value>
                <![CDATA["Login Screen"]]>
              </value>
            </param>
          </params>
          <reporter-output>
          </reporter-output>
        </test-method> <!-- scenario -->
        <test-method status="PASS" signature="teardown()[pri:0, instance:tests.cucumber.tests.RunCucumberFeatures@50b494a6]" name="teardown" is-config="true" duration-ms="1599" started-at="2020-01-21T11:34:03Z" finished-at="2020-01-21T11:34:05Z">
          <reporter-output>
          </reporter-output>
        </test-method> <!-- teardown -->
        <test-method status="PASS" signature="setup(java.lang.String)[pri:0, instance:tests.cucumber.tests.RunCucumberFeatures@50b494a6]" name="setup" is-config="true" duration-ms="18693" started-at="2020-01-21T11:34:05Z" finished-at="2020-01-21T11:34:23Z">
          <params>
            <param index="0">
              <value>
                <![CDATA[Xiaomi_RedmiY2_Android_8.1.0]]>
              </value>
            </param>
          </params>
          <reporter-output>
          </reporter-output>
        </test-method> <!-- setup -->
        <test-method status="FAIL" signature="scenario(cucumber.api.testng.PickleEventWrapper, cucumber.api.testng.CucumberFeatureWrapper)[pri:0, instance:tests.cucumber.tests.RunCucumberFeatures@50b494a6]" name="scenario" duration-ms="19936" started-at="2020-01-21T11:34:23Z" description="Runs LoginCandiate Feature" data-provider="scenarios" finished-at="2020-01-21T11:34:43Z">
          <params>
            <param index="0">
              <value>
                <![CDATA["Verify if there is a cross icon available to erase the entered text"]]>
              </value>
            </param>
            <param index="1">
              <value>
                <![CDATA["Login Screen"]]>
              </value>
            </param>
          </params>
          <exception class="java.lang.AssertionError">
            <message>
              <![CDATA[expected [true] but found [false]]]>
            </message>
            <full-stacktrace>
              <![CDATA[java.lang.AssertionError: expected [true] but found [false]
at org.testng.Assert.fail(Assert.java:96)
at org.testng.Assert.failNotEquals(Assert.java:776)
at org.testng.Assert.assertTrue(Assert.java:44)
at org.testng.Assert.assertTrue(Assert.java:54)
at screens.LoginScreen.clickOnCancelIcon(LoginScreen.java:91)
at tests.cucumber.steps.LoginSteps.User_should_click_on_cancel_icon_and_verify_textbox_is_empty(LoginSteps.java:80)
at ✽.User should click on cancel icon and verify textbox is empty(src/test/java/tests/cucumber/features/01login.feature:20)
]]>
            </full-stacktrace>
          </exception> <!-- java.lang.AssertionError -->
          <reporter-output>
          </reporter-output>
        </test-method> <!-- scenario -->
        <test-method status="PASS" signature="teardown()[pri:0, instance:tests.cucumber.tests.RunCucumberFeatures@50b494a6]" name="teardown" is-config="true" duration-ms="1186" started-at="2020-01-21T11:34:43Z" finished-at="2020-01-21T11:34:44Z">
          <reporter-output>
          </reporter-output>
        </test-method> <!-- teardown -->
        <test-method status="PASS" signature="tearDownClass()[pri:0, instance:tests.cucumber.tests.RunCucumberFeatures@50b494a6]" name="tearDownClass" is-config="true" duration-ms="325" started-at="2020-01-21T11:34:44Z" finished-at="2020-01-21T11:34:45Z">
          <reporter-output>
          </reporter-output>
        </test-method> <!-- tearDownClass -->
      </class> <!-- tests.cucumber.tests.RunCucumberFeatures -->
    </test> <!-- Xiaomi_RedmiY2_Android_8.1.0 -->
  </suite> <!-- SpiderApp_Test_Suite -->
</testng-results>
